[2026-03-10 01:00:01] ==========================================
[2026-03-10 01:00:01] ==========================================
[2026-03-10 01:00:01] 🕐 统一记忆系统 - 定时任务开始
[2026-03-10 01:00:01] 🕐 统一记忆系统 - 定时任务开始
[2026-03-10 01:00:01] ==========================================
[2026-03-10 01:00:01] ==========================================
[2026-03-10 01:00:01] 📦 第一阶段：基础优化
[2026-03-10 01:00:01] 📦 第一阶段：基础优化
[2026-03-10 01:00:01]   📦 执行自动归档...
[2026-03-10 01:00:01]   📦 执行自动归档...
============================================================
🗄️  自动归档系统
⏰ 运行时间: 2026-03-10 01:00:01
============================================================

📋 处理每日记忆文件...
  找到 8 个记忆文件

🗜️  处理归档压缩...
  找到 15 个归档文件

🧹 清理旧快照...
  找到 8 个快照文件
  已删除 0 个旧快照

============================================================
📊 归档统计
============================================================
  📦 已归档: 0 个文件
  💎 永久记录: 0 个
  🗜️  已压缩: 0 个文件
  🗑️  已删除: 0 个文件

✅ 自动归档完成

📝 日志已保存: /Users/zhaoruicn/.openclaw/workspace/memory/archive/archive_log.json
[2026-03-10 01:00:01]   ✅ 自动归档完成
[2026-03-10 01:00:01]   ✅ 自动归档完成
[2026-03-10 01:00:01]   🎯 执行重要性评估...
[2026-03-10 01:00:01]   🎯 执行重要性评估...
Traceback (most recent call last):
  File "/Users/zhaoruicn/.openclaw/workspace/skills/unified-memory/importance_scorer.py", line 73, in <module>
    class MemoryImportanceScorer:
  File "/Users/zhaoruicn/.openclaw/workspace/skills/unified-memory/importance_scorer.py", line 203, in MemoryImportanceScorer
    def score_memory_file(self, file_path: Path) -> Optional[MemoryScore]:
NameError: name 'Optional' is not defined
[2026-03-10 01:00:01]   ❌ 重要性评估失败
[2026-03-10 01:00:01]   ❌ 重要性评估失败
[2026-03-10 01:00:01]   🔍 重建搜索索引...
[2026-03-10 01:00:01]   🔍 重建搜索索引...
============================================================
🔍 语义搜索优化系统
⏰ 运行时间: 2026-03-10 01:00:01
============================================================

🔎 搜索: '小龙虾'
  ⏱️ 搜索耗时: 3.1ms
  1. 2026-03-08 工作记录 (相关度: 1.0, 重要性: 1)
     # 2026-03-08 工作记录  ## 完成的工作  ### 1. 小龙虾之家 - AI助手工作状态看板 开发完成 - 9宫格像素房子设计（客厅C位、工作室、茶水室等9个房间） - 8-bit像素...
  2. 2026-03-09 工作记录 (相关度: 0.5, 重要性: 1.0)
     # 2026-03-09 工作记录  ## 小龙虾之家开发完成  ### 完成的工作 1. **设计9宫格像素房子**    - 客厅(C位)、工作室、茶水室、厨房、游戏室    - 餐厅、卫生间×2...

🔎 搜索: '股票'
  ⏱️ 搜索耗时: 2.2ms
  1. 2026-03-07 记忆 (相关度: 1.0, 重要性: 1)
     # 2026-03-07 记忆  ## 雪球API整合完成  ### 完成内容 1. ✅ 雪球API接入成功（使用用户Cookie） 2. ✅ 创建融合版股票分析器 `stock_analyzer_f...
  2. 2026-03-06 记忆 (相关度: 0.625, 重要性: 1)
     ...OPENCLAW_BIN` 变量自动检测 openclaw 位置 - 使用变量替代硬编码路径 - 错误输出改为 `2>&1` 以便调试  #### 2. stock_feishu_push.py...
  3. 2026-02-22 工作日志 (相关度: 0.625, 重要性: 1)
     # 2026-02-22 工作日志  ## 股票筛选系统开发  ### 上午 - 实现MACD+KDJ双金叉A股筛选系统 - 后端筛选逻辑完成：`/opt/stock-screener/backend...

🔎 搜索: 'OpenClaw'
  ⏱️ 搜索耗时: 2.3ms
  1. 2026-03-06 记忆 (相关度: 1.0, 重要性: 1)
     # 2026-03-06 记忆  ## 定时任务修复完成  ### 修复内容  #### 1. feishu-notify.sh - 通知脚本 **问题**: `openclaw` 命令在子进程中找不...
  2. 2026-03-07 记忆 (相关度: 0.667, 重要性: 1)
     ...aphic.png` - 信息图（因字体问题效果有限）  ### 安全与架构讨论  #### 安全架构确认 - Gateway 只监听 localhost:18789，外网无法直接访问 - 飞书...
  3. 2026-03-08 工作记录 (相关度: 0.667, 重要性: 1)
     ...tp://106.54.25.161/零碳园区建设战略计划表.html - 数据中心储能计划：http://106.54.25.161/数据中心配锂电储能战略计划表.html - 记忆系统文档：...

🔎 搜索: '模型切换'
  ⏱️ 搜索耗时: 1.8ms
  1. 2026-03-09 工作记录 (相关度: 1.0, 重要性: 1.0)
     # 2026-03-09 工作记录  ## 小龙虾之家开发完成  ### 完成的工作 1. **设计9宫格像素房子**    - 客厅(C位)、工作室、茶水室、厨房、游戏室    - 餐厅、卫生间×2...
  2. 2026-03-04 记忆 (相关度: 0.5, 重要性: 0.95)
     # 2026-03-04 记忆  ## 今日活动  ### 飞书文件发送技能包完善 - **问题**: 之前 k2.5 模型截图发图失败 - **原因**: 使用了 `/tmp/` 目录，飞书接收有问...

✅ 测试完成
[2026-03-10 01:00:01]   ✅ 索引重建完成
[2026-03-10 01:00:01]   ✅ 索引重建完成
[2026-03-10 01:00:01] 🧠 第二阶段：智能进化
[2026-03-10 01:00:01] 🧠 第二阶段：智能进化
[2026-03-10 01:00:01]   👤 更新用户画像...
[2026-03-10 01:00:01]   👤 更新用户画像...
============================================================
👤 用户画像系统
⏰ 运行时间: 2026-03-10 01:00:01
============================================================
🔍 分析历史记忆...
  ✅ 画像分析完成

============================================================
📊 用户画像报告
============================================================
  用户名: 雪子
  总交互数: 0
  偏好模型: k2p5
  回复风格: concise

  🔥 话题偏好:
    数据分析: ████ 21.9%
    运维: ███ 18.8%
    储能: ███ 15.6%
    开发: ███ 15.6%
    股票: ███ 15.6%

  ⏰ 活跃时段: [10, 4, 13]

  📈 关注项目:
    - 3. 完整
    - 统一记忆系统 - 第一阶段
    - 6. 统一记忆系统 v2.0 -
    - 定时任务修复
    - Stock Analysis Pro v2.1.0 技能包

  💡 个性化建议:
    • 用户对'数据分析'话题最感兴趣，可主动推送相关内容
    • 用户活跃时段: [10, 4, 13]点
    • 用户偏好模型: k2p5
    • 关注股票: 中矿资源, 赣锋锂业, 盐湖股份...

✅ 用户画像更新完成

📝 报告已保存: /Users/zhaoruicn/.openclaw/workspace/memory/user_profile_report.json
[2026-03-10 01:00:01]   ✅ 用户画像更新完成
[2026-03-10 01:00:01]   ✅ 用户画像更新完成
[2026-03-10 01:00:01]   🕸️  构建知识图谱...
[2026-03-10 01:00:01]   🕸️  构建知识图谱...
============================================================
🕸️ 知识图谱系统
⏰ 运行时间: 2026-03-10 01:00:01
============================================================
🔨 构建知识图谱...
  扫描 23 个记忆文件
  ✅ 图谱构建完成: 85 个实体, 52 个关系

============================================================
📊 图谱统计
============================================================
  总实体数: 85
  总关系数: 52

  📦 实体类型分布:
    skill: 39
    project: 32
    concept: 12
    decision: 2

  🔗 关系类型:
    - implements
    - uses

  📈 可视化数据: /Users/zhaoruicn/.openclaw/workspace/memory/knowledge_graph/graph_visualization.json

✅ 知识图谱构建完成
[2026-03-10 01:00:01]   ✅ 知识图谱构建完成
[2026-03-10 01:00:01]   ✅ 知识图谱构建完成
[2026-03-10 01:00:01]   💡 生成智能推荐...
[2026-03-10 01:00:01]   💡 生成智能推荐...
============================================================
💡 智能推荐系统
⏰ 运行时间: 2026-03-10 01:00:01
============================================================
📋 生成每日推荐...

============================================================
📊 推荐摘要
============================================================
  总推荐数: 28

  📦 按类型:
    alert: 23
    skill: 3
    knowledge: 2

  🔥 按优先级:
    🟡 medium: 26
    🟢 low: 2

  📝 报告已保存: /Users/zhaoruicn/.openclaw/workspace/memory/daily_recommendations.json

✅ 推荐生成完成
[2026-03-10 01:00:01]   ✅ 智能推荐生成完成
[2026-03-10 01:00:01]   ✅ 智能推荐生成完成
[2026-03-10 01:00:01] 🌐 第三阶段：生态融合
[2026-03-10 01:00:01] 🌐 第三阶段：生态融合
[2026-03-10 01:00:01]   🛠️  更新技能包记忆...
[2026-03-10 01:00:01]   🛠️  更新技能包记忆...
============================================================
🛠️ 技能包记忆系统
⏰ 运行时间: 2026-03-10 01:00:01
============================================================
🔍 扫描技能包...
  发现 50 个技能包

============================================================
📊 技能包报告
============================================================
  总技能包: 64
  已使用: 0
  使用率: 0.0%

  📦 类别分布:
    document: 4个 (使用0次)
    general: 33个 (使用0次)
    data: 7个 (使用0次)
    ops: 6个 (使用0次)
    finance: 9个 (使用0次)
    web: 2个 (使用0次)
    agent: 2个 (使用0次)
    communication: 1个 (使用0次)

  💡 技能推荐:
    1. system-backup - 运维类技能，建议了解
    2. system-guard - 运维类技能，建议了解
    3. website-backup - 运维类技能，建议了解

  📝 报告已保存: /Users/zhaoruicn/.openclaw/workspace/memory/skill_report.json

✅ 技能包记忆更新完成
[2026-03-10 01:00:01]   ✅ 技能包记忆更新完成
[2026-03-10 01:00:01]   ✅ 技能包记忆更新完成
[2026-03-10 01:00:01]   📚 同步知识库...
[2026-03-10 01:00:01]   📚 同步知识库...
============================================================
📚 知识库联动系统
⏰ 运行时间: 2026-03-10 01:00:02
============================================================
🔄 同步记忆到知识库...
  ✅ 同步了 3 条重要记忆
🔗 更新知识库链接...
  ✅ 知识库索引已更新
🔍 检查知识一致性...
  发现 1 个死链接, 0 个未同步的重要记忆

============================================================
📊 同步报告
============================================================
  同步记忆数: 3
  历史同步记录: 9 条
  一致性问题: 1

  ⚠️ 死链接 (1):
    - /Users/zhaoruicn/.openclaw/workspace/knowledge-base/plans/unified-memory-long-term-plan.md -> SKILL.md

✅ 知识库联动完成
[2026-03-10 01:00:02]   ✅ 知识库联动完成
[2026-03-10 01:00:02]   ✅ 知识库联动完成
[2026-03-10 01:00:02]   🎯 决策支持分析...
[2026-03-10 01:00:02]   🎯 决策支持分析...
============================================================
🎯 决策支持系统
⏰ 运行时间: 2026-03-10 01:00:02
============================================================
🔍 提取历史决策...
  提取了 2 个新决策

============================================================
📊 决策报告
============================================================
  总决策数: 6
  成功: 0 次
  失败: 0 次
  成功率: 0.0%

  📅 最近决策:
    1. ❓ 2026-03-08 - 记忆文件永久保留，不清理
    2. ❓ 2026-03-08 - 记忆文件永久保留，不清理
    3. ❓ 2026-03-08 - 记忆文件永久保留，不清理

  📝 可用模板:
    1. 技术选型决策 (技术, 选型)
    2. 项目启动决策 (项目, 启动)
    3. 快速决策 (快速, 简单)

  📝 报告已保存: /Users/zhaoruicn/.openclaw/workspace/memory/decision_report.json

✅ 决策支持系统完成
[2026-03-10 01:00:02]   ✅ 决策支持完成
[2026-03-10 01:00:02]   ✅ 决策支持完成
[2026-03-10 01:00:02] 🧬 第四阶段：自我进化 & 知识库管理
[2026-03-10 01:00:02] 🧬 第四阶段：自我进化 & 知识库管理
[2026-03-10 01:00:02]   🧬 运行自我进化系统...
[2026-03-10 01:00:02]   🧬 运行自我进化系统...
============================================================
🧬 自我进化系统 v2.0
⏰ 运行时间: 2026-03-10 01:00:02
============================================================
🔍 从记忆提取学习点...
  提取了 22 个新学习点
📊 跟踪改进进度...
  更新了 0 个改进措施状态

============================================================
📊 进化报告
============================================================
  🧬 进化指数: 0.18/1.0

  📚 学习点:
    总数: 76
    已应用: 27
    应用率: 35.5%

  🔧 改进措施:
    总数: 0
    已完成: 0
    进行中: 0

  📖 最近学习点:
    1. ⏳ [error] **1-10ms** (目标 < 500ms) ✅...
    2. ✅ [success] 任务、Token、时长、位置...
    3. ✅ [success] **1-10ms** (目标 < 500ms) ✅...

  💡 进化建议:
    1. 🔴 为学习点创建改进计划
    2. 🔴 为学习点创建改进计划
    3. 🔴 为学习点创建改进计划

  📝 报告已保存: /Users/zhaoruicn/.openclaw/workspace/memory/evolution/evolution_report.json

✅ 自我进化完成
[2026-03-10 01:00:02]   ✅ 自我进化完成
[2026-03-10 01:00:02]   ✅ 自我进化完成
[2026-03-10 01:00:02]   📚 知识库智能管理...
[2026-03-10 01:00:02]   📚 知识库智能管理...
============================================================
📚 知识库智能管理系统 v2.0
⏰ 运行时间: 2026-03-10 01:00:02
============================================================
🔍 扫描知识库文档...
  发现 38 个文档
  ✅ 扫描完成
🔗 关联记忆和知识...
  建立了 14 个新关联
📊 评估文档质量...
  ✅ 质量评估完成
⏰ 识别过期内容...
  发现 0 个过期文档
📝 从记忆自动生成知识文档...
  生成了 0 个新文档
📋 生成索引更新建议...

============================================================
📊 知识库报告
============================================================
  总文档数: 38
  活跃文档: 38
  过期文档: 0

  📦 类别分布:
    decision: 10
    reference: 7
    project: 7
    operation: 5
    other: 4
    template: 3
    problem: 2

  📊 质量分布:
    high: 33
    medium: 5
    low: 0

✅ 知识库管理完成
[2026-03-10 01:00:02]   ✅ 知识库管理完成
[2026-03-10 01:00:02]   ✅ 知识库管理完成
[2026-03-10 01:00:02] ==========================================
[2026-03-10 01:00:02] ==========================================
[2026-03-10 01:00:02] ✅ 定时任务完成 (全部11个任务)
[2026-03-10 01:00:02] ✅ 定时任务完成 (全部11个任务)
[2026-03-10 01:00:02] ==========================================
[2026-03-10 01:00:02] ==========================================
