[2026-03-09 20:39:10] ============================================================
[2026-03-09 20:39:10] 🔍 开始系统监控检查
[2026-03-09 20:39:10] ============================================================
[2026-03-09 20:39:10] 🔍 检查磁盘空间...
[2026-03-09 20:39:10] 🔍 检查定时任务状态...
[2026-03-09 20:39:10] 🔍 检查备份状态...
[2026-03-09 20:39:10] 
✅ 系统状态正常
[2026-03-09 20:39:10] ============================================================
[2026-03-09 20:39:10] ✅ 监控检查完成
[2026-03-09 20:39:10] ============================================================
[2026-03-09 20:52:06] ============================================================
[2026-03-09 20:52:06] 🔍 开始系统监控检查
[2026-03-09 20:52:06] ============================================================
[2026-03-09 20:52:06] 🔍 检查磁盘空间...
[2026-03-09 20:52:06] 🔍 检查定时任务状态...
[2026-03-09 20:52:06] 🔍 检查备份状态...
[2026-03-09 20:52:06] 
✅ 系统状态正常
[2026-03-09 20:52:06] ============================================================
[2026-03-09 20:52:06] ✅ 监控检查完成
[2026-03-09 20:52:06] ============================================================
